# JRE version: OpenJDK Runtime Environment (15.0.2+7) (build 15.0.2+7-27)
# Java VM: OpenJDK 64-Bit Server VM (15.0.2+7-27, mixed mode, tiered, compressed oops, g1 gc, windows-amd64)
GC Precious Log:
 CPUs: 4 total, 4 available
 Memory: 16277M
 Large Page Support: Disabled
 NUMA Support: Disabled
 Compressed Oops: Enabled (Zero based)
 Heap Region Size: 2M
 Heap Min Capacity: 8M
 Heap Initial Capacity: 256M
 Heap Max Capacity: 4070M
 Pre-touch: Disabled
 Parallel Workers: 4
 Concurrent Workers: 1
 Concurrent Refinement Workers: 4
 Periodic GC: Disabled
Heap:
 garbage-first heap   total 208896K, used 148574K [0x0000000701a00000, 0x0000000800000000)
  region size 2048K, 22 young (45056K), 3 survivors (6144K)
 Metaspace       used 90014K, capacity 93261K, committed 93432K, reserved 1130496K
  class space    used 11175K, capacity 12175K, committed 12280K, reserved 1048576K
GC Heap History (20 events):
Event: 1653.977 GC heap after
{Heap after GC invocations=120 (full 17):
 garbage-first heap   total 182272K, used 100553K [0x0000000701a00000, 0x0000000800000000)
  region size 2048K, 2 young (4096K), 2 survivors (4096K)
 Metaspace       used 87958K, capacity 91101K, committed 91384K, reserved 1128448K
  class space    used 11007K, capacity 11980K, committed 12024K, reserved 1048576K
}
Event: 1654.664 GC heap before
{Heap before GC invocations=121 (full 17):
 garbage-first heap   total 192512K, used 151753K [0x0000000701a00000, 0x0000000800000000)
  region size 2048K, 27 young (55296K), 2 survivors (4096K)
 Metaspace       used 88457K, capacity 91595K, committed 91768K, reserved 1128448K
  class space    used 11041K, capacity 12025K, committed 12152K, reserved 1048576K
}
Event: 1654.672 GC heap after
{Heap after GC invocations=122 (full 17):
 garbage-first heap   total 192512K, used 102623K [0x0000000701a00000, 0x0000000800000000)
  region size 2048K, 3 young (6144K), 3 survivors (6144K)
 Metaspace       used 88457K, capacity 91595K, committed 91768K, reserved 1128448K
  class space    used 11041K, capacity 12025K, committed 12152K, reserved 1048576K
}
Event: 1664.621 GC heap before
{Heap before GC invocations=122 (full 17):
 garbage-first heap   total 192512K, used 127199K [0x0000000701a00000, 0x0000000800000000)
  region size 2048K, 16 young (32768K), 3 survivors (6144K)
 Metaspace       used 88474K, capacity 91601K, committed 91768K, reserved 1128448K
  class space    used 11043K, capacity 12027K, committed 12152K, reserved 1048576K
}
Event: 1664.761 GC heap after
{Heap after GC invocations=123 (full 18):
 garbage-first heap   total 192512K, used 100406K [0x0000000701a00000, 0x0000000800000000)
  region size 2048K, 0 young (0K), 0 survivors (0K)
 Metaspace       used 88424K, capacity 91523K, committed 91768K, reserved 1128448K
  class space    used 11036K, capacity 12014K, committed 12152K, reserved 1048576K
}
Event: 1665.390 GC heap before
{Heap before GC invocations=123 (full 18):
 garbage-first heap   total 192512K, used 157750K [0x0000000701a00000, 0x0000000800000000)
  region size 2048K, 29 young (59392K), 0 survivors (0K)
 Metaspace       used 88607K, capacity 91771K, committed 92024K, reserved 1128448K
  class space    used 11064K, capacity 12054K, committed 12152K, reserved 1048576K
}
Event: 1665.396 GC heap after
{Heap after GC invocations=124 (full 18):
 garbage-first heap   total 192512K, used 104502K [0x0000000701a00000, 0x0000000800000000)
  region size 2048K, 2 young (4096K), 2 survivors (4096K)
 Metaspace       used 88607K, capacity 91771K, committed 92024K, reserved 1128448K
  class space    used 11064K, capacity 12054K, committed 12152K, reserved 1048576K
}
Event: 1665.583 GC heap before
{Heap before GC invocations=124 (full 18):
 garbage-first heap   total 192512K, used 157750K [0x0000000701a00000, 0x0000000800000000)
  region size 2048K, 29 young (59392K), 2 survivors (4096K)
 Metaspace       used 88659K, capacity 91771K, committed 92024K, reserved 1128448K
  class space    used 11068K, capacity 12054K, committed 12152K, reserved 1048576K
}
Event: 1665.589 GC heap after
{Heap after GC invocations=125 (full 18):
 garbage-first heap   total 192512K, used 104904K [0x0000000701a00000, 0x0000000800000000)
  region size 2048K, 3 young (6144K), 3 survivors (6144K)
 Metaspace       used 88659K, capacity 91771K, committed 92024K, reserved 1128448K
  class space    used 11068K, capacity 12054K, committed 12152K, reserved 1048576K
}
Event: 1666.235 GC heap before
{Heap before GC invocations=126 (full 18):
 garbage-first heap   total 192512K, used 158152K [0x0000000701a00000, 0x0000000800000000)
  region size 2048K, 29 young (59392K), 3 survivors (6144K)
 Metaspace       used 89106K, capacity 92265K, committed 92536K, reserved 1130496K
  class space    used 11098K, capacity 12099K, committed 12152K, reserved 1048576K
}
Event: 1666.243 GC heap after
{Heap after GC invocations=127 (full 18):
 garbage-first heap   total 192512K, used 107153K [0x0000000701a00000, 0x0000000800000000)
  region size 2048K, 4 young (8192K), 4 survivors (8192K)
 Metaspace       used 89106K, capacity 92265K, committed 92536K, reserved 1130496K
  class space    used 11098K, capacity 12099K, committed 12152K, reserved 1048576K
}
Event: 1692.667 GC heap before
{Heap before GC invocations=127 (full 18):
 garbage-first heap   total 192512K, used 123537K [0x0000000701a00000, 0x0000000800000000)
  region size 2048K, 13 young (26624K), 4 survivors (8192K)
 Metaspace       used 89123K, capacity 92271K, committed 92536K, reserved 1130496K
  class space    used 11100K, capacity 12101K, committed 12152K, reserved 1048576K
}
Event: 1692.854 GC heap after
{Heap after GC invocations=128 (full 19):
 garbage-first heap   total 192512K, used 104334K [0x0000000701a00000, 0x0000000800000000)
  region size 2048K, 0 young (0K), 0 survivors (0K)
 Metaspace       used 89072K, capacity 92193K, committed 92536K, reserved 1130496K
  class space    used 11093K, capacity 12088K, committed 12152K, reserved 1048576K
}
Event: 1693.670 GC heap before
{Heap before GC invocations=128 (full 19):
 garbage-first heap   total 192512K, used 157582K [0x0000000701a00000, 0x0000000800000000)
  region size 2048K, 27 young (55296K), 0 survivors (0K)
 Metaspace       used 89256K, capacity 92441K, committed 92664K, reserved 1130496K
  class space    used 11121K, capacity 12128K, committed 12280K, reserved 1048576K
}
Event: 1693.675 GC heap after
{Heap after GC invocations=129 (full 19):
 garbage-first heap   total 192512K, used 108430K [0x0000000701a00000, 0x0000000800000000)
  region size 2048K, 2 young (4096K), 2 survivors (4096K)
 Metaspace       used 89256K, capacity 92441K, committed 92664K, reserved 1130496K
  class space    used 11121K, capacity 12128K, committed 12280K, reserved 1048576K
}
Event: 1693.770 GC heap before
{Heap before GC invocations=129 (full 19):
 garbage-first heap   total 192512K, used 157582K [0x0000000701a00000, 0x0000000800000000)
  region size 2048K, 27 young (55296K), 2 survivors (4096K)
 Metaspace       used 89256K, capacity 92441K, committed 92664K, reserved 1130496K
  class space    used 11121K, capacity 12128K, committed 12280K, reserved 1048576K
}
Event: 1693.775 GC heap after
{Heap after GC invocations=130 (full 19):
 garbage-first heap   total 192512K, used 108396K [0x0000000701a00000, 0x0000000800000000)
  region size 2048K, 2 young (4096K), 2 survivors (4096K)
 Metaspace       used 89256K, capacity 92441K, committed 92664K, reserved 1130496K
  class space    used 11121K, capacity 12128K, committed 12280K, reserved 1048576K
}
Event: 1694.320 GC heap before
{Heap before GC invocations=131 (full 19):
 garbage-first heap   total 208896K, used 159596K [0x0000000701a00000, 0x0000000800000000)
  region size 2048K, 27 young (55296K), 2 survivors (4096K)
 Metaspace       used 89754K, capacity 92935K, committed 93176K, reserved 1130496K
  class space    used 11154K, capacity 12173K, committed 12280K, reserved 1048576K
}
Event: 1694.328 GC heap after
{Heap after GC invocations=132 (full 19):
 garbage-first heap   total 208896K, used 110478K [0x0000000701a00000, 0x0000000800000000)
  region size 2048K, 3 young (6144K), 3 survivors (6144K)
 Metaspace       used 89754K, capacity 92935K, committed 93176K, reserved 1130496K
  class space    used 11154K, capacity 12173K, committed 12280K, reserved 1048576K
}
Event: 1787.609 GC heap before
{Heap before GC invocations=132 (full 19):
 garbage-first heap   total 208896K, used 147342K [0x0000000701a00000, 0x0000000800000000)
  region size 2048K, 22 young (45056K), 3 survivors (6144K)
 Metaspace       used 90014K, capacity 93261K, committed 93432K, reserved 1130496K
  class space    used 11175K, capacity 12175K, committed 12280K, reserved 1048576K
}

